{
  "RSpec": {
    "coverage": {
      "/home/fraser/CraftAcademy/week4/legacy_code_august_21_team_2/config/environment.rb": {
        "lines": [
          null,
          1,
          null,
          null,
          1
        ]
      },
      "/home/fraser/CraftAcademy/week4/legacy_code_august_21_team_2/config/application.rb": {
        "lines": [
          null,
          null,
          1,
          null,
          1,
          1,
          1,
          1,
          1,
          1,
          1,
          1,
          1,
          null,
          1,
          null,
          1,
          1,
          1,
          null,
          1,
          1,
          1,
          1,
          1,
          1,
          1,
          1,
          null,
          null,
          null
        ]
      },
      "/home/fraser/CraftAcademy/week4/legacy_code_august_21_team_2/config/boot.rb": {
        "lines": [
          1,
          null,
          1
        ]
      },
      "/home/fraser/CraftAcademy/week4/legacy_code_august_21_team_2/config/environments/test.rb": {
        "lines": [
          null,
          null,
          null,
          null,
          null,
          1,
          null,
          null,
          1,
          1,
          null,
          null,
          null,
          null,
          1,
          null,
          null,
          1,
          1,
          null,
          null,
          null,
          null,
          1,
          1,
          1,
          null,
          null,
          1,
          null,
          null,
          1,
          null,
          null,
          1,
          null,
          null,
          null,
          null,
          1,
          null,
          null,
          1,
          null,
          null,
          null,
          null
        ]
      },
      "/home/fraser/CraftAcademy/week4/legacy_code_august_21_team_2/config/initializers/application_controller_renderer.rb": {
        "lines": [
          null,
          null,
          null,
          null,
          null,
          null,
          null,
          null
        ]
      },
      "/home/fraser/CraftAcademy/week4/legacy_code_august_21_team_2/config/initializers/backtrace_silencers.rb": {
        "lines": [
          null,
          null,
          null,
          null,
          null,
          null,
          null
        ]
      },
      "/home/fraser/CraftAcademy/week4/legacy_code_august_21_team_2/config/initializers/clarifai.rb": {
        "lines": [
          1,
          1,
          1,
          null
        ]
      },
      "/home/fraser/CraftAcademy/week4/legacy_code_august_21_team_2/config/initializers/cors.rb": {
        "lines": [
          null,
          null,
          null,
          null,
          null,
          null,
          null,
          1,
          1,
          1,
          1,
          null,
          null,
          null,
          null
        ]
      },
      "/home/fraser/CraftAcademy/week4/legacy_code_august_21_team_2/config/initializers/filter_parameter_logging.rb": {
        "lines": [
          null,
          null,
          null,
          1
        ]
      },
      "/home/fraser/CraftAcademy/week4/legacy_code_august_21_team_2/config/initializers/inflections.rb": {
        "lines": [
          null,
          null,
          null,
          null,
          null,
          null,
          null,
          null,
          null,
          null,
          null,
          null,
          null,
          null,
          null,
          null
        ]
      },
      "/home/fraser/CraftAcademy/week4/legacy_code_august_21_team_2/config/initializers/mime_types.rb": {
        "lines": [
          null,
          null,
          null,
          null
        ]
      },
      "/home/fraser/CraftAcademy/week4/legacy_code_august_21_team_2/config/initializers/monkeylearn.rb": {
        "lines": [
          1,
          1,
          null
        ]
      },
      "/home/fraser/CraftAcademy/week4/legacy_code_august_21_team_2/config/initializers/wrap_parameters.rb": {
        "lines": [
          null,
          null,
          null,
          null,
          null,
          null,
          1,
          1,
          null,
          null,
          null,
          null,
          null,
          null
        ]
      },
      "/home/fraser/CraftAcademy/week4/legacy_code_august_21_team_2/config/routes.rb": {
        "lines": [
          null,
          null,
          1,
          1,
          1,
          null,
          null
        ]
      },
      "/home/fraser/CraftAcademy/week4/legacy_code_august_21_team_2/spec/support/response_json.rb": {
        "lines": [
          1,
          1,
          1,
          null,
          null
        ]
      },
      "/home/fraser/CraftAcademy/week4/legacy_code_august_21_team_2/spec/requests/api/images/index_spec.rb": {
        "lines": [
          1,
          1,
          null,
          null,
          null,
          null,
          null,
          null,
          null,
          null,
          null,
          null,
          null,
          null,
          null,
          null,
          null,
          1,
          null,
          null,
          null,
          1,
          null,
          null,
          null,
          null,
          1,
          null,
          1,
          1,
          1,
          null,
          null,
          null,
          null,
          null,
          null,
          null,
          null,
          null,
          null,
          null,
          null
        ]
      }
    },
    "timestamp": 1632349038
  }
}
